<?xml version="1.0" encoding="UTF-8"?>
<!-- Generated by org.testng.reporters.JUnitReportReporter -->
<testsuite hostname="LAPTOP-Q4LION55" failures="0" tests="1" name="tests.VerifyPuchaseAmount" time="1.027" errors="0" timestamp="2022-04-05T08:38:52 IST" skipped="0">
  <testcase classname="tests.VerifyPuchaseAmount" name="validateJsonvalues" time="1.027"/>
  <system-out/>
</testsuite> <!-- tests.VerifyPuchaseAmount -->
