<?xml version="1.0" encoding="UTF-8"?>
<!-- Generated by org.testng.reporters.JUnitReportReporter -->
<testsuite hostname="LAPTOP-Q4LION55" failures="0" tests="11" name="tests.AddBookAPI" time="3.688" errors="0" timestamp="2022-04-05T09:12:59 IST" skipped="0">
  <testcase classname="tests.AddBookAPI" name="addBooks" time="1.635"/>
  <system-out/>
  <testcase classname="tests.AddBookAPI" name="addBooks" time="0.165"/>
  <system-out/>
  <testcase classname="tests.AddBookAPI" name="addBooks" time="0.160"/>
  <system-out/>
  <testcase classname="tests.AddBookAPI" name="addBooks" time="0.354"/>
  <system-out/>
  <testcase classname="tests.AddBookAPI" name="addBooks" time="0.150"/>
  <system-out/>
  <testcase classname="tests.AddBookAPI" name="addBooks" time="0.159"/>
  <system-out/>
  <testcase classname="tests.AddBookAPI" name="addBooks" time="0.164"/>
  <system-out/>
  <testcase classname="tests.AddBookAPI" name="addBooks" time="0.438"/>
  <system-out/>
  <testcase classname="tests.AddBookAPI" name="addBooks" time="0.148"/>
  <system-out/>
  <testcase classname="tests.AddBookAPI" name="addBooks" time="0.173"/>
  <system-out/>
  <testcase classname="tests.AddBookAPI" name="addBooks" time="0.142"/>
  <system-out/>
</testsuite> <!-- tests.AddBookAPI -->
